<?xml version="1.0" encoding="UTF-8"?>
<!-- Generated by org.testng.reporters.JUnitXMLReporter -->
<testsuite ignored="0" hostname="apples-MacBook-Air.local" failures="1" tests="9" name="Default test" time="17.579" errors="0" timestamp="2022-06-23T14:09:41 PDT">
  <testcase classname="com.qaprosoft.carina.demo.APIJsonPlaceHolderTest" name="testCheckJSONSchema" time="6.22">
    <failure type="java.lang.AssertionError" message="Validation against Json schema failed: 
[]: instance type (object) does not match any allowed primitive type (allowed: [&amp;quot;array&amp;quot;])
">
      <![CDATA[java.lang.AssertionError: Validation against Json schema failed: 
[]: instance type (object) does not match any allowed primitive type (allowed: ["array"])

at com.qaprosoft.apitools.validation.JsonValidator.validateJsonAgainstSchemaV3V4(JsonValidator.java:123)
at com.qaprosoft.apitools.validation.JsonValidator.validateJsonAgainstSchema(JsonValidator.java:67)
at com.qaprosoft.carina.core.foundation.api.AbstractApiMethodV2.validateResponseAgainstSchema(AbstractApiMethodV2.java:340)
at com.qaprosoft.carina.demo.APIJsonPlaceHolderTest.testCheckJSONSchema(APIJsonPlaceHolderTest.java:84)
at java.base/jdk.internal.reflect.NativeMethodAccessorImpl.invoke0(Native Method)
at java.base/jdk.internal.reflect.NativeMethodAccessorImpl.invoke(NativeMethodAccessorImpl.java:64)
at java.base/jdk.internal.reflect.DelegatingMethodAccessorImpl.invoke(DelegatingMethodAccessorImpl.java:43)
at java.base/java.lang.reflect.Method.invoke(Method.java:564)
at org.testng.internal.MethodInvocationHelper.invokeMethod(MethodInvocationHelper.java:133)
at org.testng.internal.TestInvoker.invokeMethod(TestInvoker.java:598)
at org.testng.internal.TestInvoker.invokeTestMethod(TestInvoker.java:173)
at org.testng.internal.MethodRunner.runInSequence(MethodRunner.java:46)
at org.testng.internal.TestInvoker$MethodInvocationAgent.invoke(TestInvoker.java:824)
at org.testng.internal.TestInvoker.invokeTestMethods(TestInvoker.java:146)
at org.testng.internal.TestMethodWorker.invokeTestMethods(TestMethodWorker.java:146)
at org.testng.internal.TestMethodWorker.run(TestMethodWorker.java:128)
at java.base/java.util.ArrayList.forEach(ArrayList.java:1511)
at org.testng.TestRunner.privateRun(TestRunner.java:794)
at org.testng.TestRunner.run(TestRunner.java:596)
at org.testng.SuiteRunner.runTest(SuiteRunner.java:377)
at org.testng.SuiteRunner.runSequentially(SuiteRunner.java:371)
at org.testng.SuiteRunner.privateRun(SuiteRunner.java:332)
at org.testng.SuiteRunner.run(SuiteRunner.java:276)
at org.testng.SuiteRunnerWorker.runSuite(SuiteRunnerWorker.java:53)
at org.testng.SuiteRunnerWorker.run(SuiteRunnerWorker.java:96)
at org.testng.TestNG.runSuitesSequentially(TestNG.java:1212)
at org.testng.TestNG.runSuitesLocally(TestNG.java:1134)
at org.testng.TestNG.runSuites(TestNG.java:1063)
at org.testng.TestNG.run(TestNG.java:1031)
at org.testng.remote.AbstractRemoteTestNG.run(AbstractRemoteTestNG.java:115)
at org.testng.remote.RemoteTestNG.initAndRun(RemoteTestNG.java:251)
at org.testng.remote.RemoteTestNG.main(RemoteTestNG.java:77)
]]>
    </failure>
  </testcase> <!-- testCheckJSONSchema -->
  <testcase classname="com.qaprosoft.carina.demo.APIJsonPlaceHolderTest" name="testCreateComment" time="0.486"/>
  <testcase classname="com.qaprosoft.carina.demo.APIJsonPlaceHolderTest" name="testCreateCommentWithMissingFields" time="0.486"/>
  <testcase classname="com.qaprosoft.carina.demo.APIJsonPlaceHolderTest" name="testCreateUser" time="6.57"/>
  <testcase classname="com.qaprosoft.carina.demo.APIJsonPlaceHolderTest" name="testCreateUserWithSomeFields" time="1.039"/>
  <testcase classname="com.qaprosoft.carina.demo.APIJsonPlaceHolderTest" name="testDeleteComment" time="1.34"/>
  <testcase classname="com.qaprosoft.carina.demo.APIJsonPlaceHolderTest" name="testDeletePosts" time="0.381"/>
  <testcase classname="com.qaprosoft.carina.demo.APIJsonPlaceHolderTest" name="testGetPosts" time="0.233"/>
  <testcase classname="com.qaprosoft.carina.demo.APIJsonPlaceHolderTest" name="testGetPostsSchema" time="0.357"/>
</testsuite> <!-- Default test -->
