<!DOCTYPE html PUBLIC "-//W3C//DTD XHTML 1.1//EN" "https://www.w3.org/TR/xhtml11/DTD/xhtml11.dtd">
<html xmlns="https://www.w3.org/1999/xhtml">
<head>
<meta http-equiv="content-type" content="text/html; charset=UTF-8"/>
<title>TestNG Report</title>
<style type="text/css">table {margin-bottom:10px;border-collapse:collapse;empty-cells:show}th,td {border:1px solid #009;padding:.25em .5em}th {vertical-align:bottom}td {vertical-align:top}table a {font-weight:bold}.stripe td {background-color: #E6EBF9}.num {text-align:right}.passedodd td {background-color: #3F3}.passedeven td {background-color: #0A0}.skippedodd td {background-color: #DDD}.skippedeven td {background-color: #CCC}.failedodd td,.attn {background-color: #F33}.failedeven td,.stripe .attn {background-color: #D00}.stacktrace {white-space:pre;font-family:monospace}.totop {font-size:85%;text-align:center;border-bottom:2px solid #000}.invisible {display:none}</style>
</head>
<body>
<table>
<tr><th>Test</th><th># Passed</th><th># Skipped</th><th># Retried</th><th># Failed</th><th>Time (ms)</th><th>Included Groups</th><th>Excluded Groups</th></tr>
<tr><th colspan="8">Default suite</th></tr>
<tr><td><a href="#t0">Default test</a></td><td class="num">8</td><td class="num">0</td><td class="num">0</td><td class="num attn">1</td><td class="num">17,579</td><td></td><td></td></tr>
</table>
<table id='summary'><thead><tr><th>Class</th><th>Method</th><th>Start</th><th>Time (ms)</th></tr></thead><tbody><tr><th colspan="4">Default suite</th></tr></tbody><tbody id="t0"><tr><th colspan="4">Default test &#8212; failed</th></tr><tr class="failedeven"><td rowspan="1">com.qaprosoft.carina.demo.APIJsonPlaceHolderTest</td><td><a href="#m0">testCheckJSONSchema</a></td><td rowspan="1">1656018563644</td><td rowspan="1">6220</td></tr><tr><th colspan="4">Default test &#8212; passed</th></tr><tr class="passedeven"><td rowspan="8">com.qaprosoft.carina.demo.APIJsonPlaceHolderTest</td><td><a href="#m1">testCreateComment</a></td><td rowspan="1">1656018570093</td><td rowspan="1">486</td></tr><tr class="passedeven"><td><a href="#m2">testCreateCommentWithMissingFields</a></td><td rowspan="1">1656018570602</td><td rowspan="1">486</td></tr><tr class="passedeven"><td><a href="#m3">testCreateUser</a></td><td rowspan="1">1656018571100</td><td rowspan="1">6570</td></tr><tr class="passedeven"><td><a href="#m4">testCreateUserWithSomeFields</a></td><td rowspan="1">1656018577683</td><td rowspan="1">1039</td></tr><tr class="passedeven"><td><a href="#m5">testDeleteComment</a></td><td rowspan="1">1656018578729</td><td rowspan="1">1340</td></tr><tr class="passedeven"><td><a href="#m6">testDeletePosts</a></td><td rowspan="1">1656018580078</td><td rowspan="1">381</td></tr><tr class="passedeven"><td><a href="#m7">testGetPosts</a></td><td rowspan="1">1656018580476</td><td rowspan="1">233</td></tr><tr class="passedeven"><td><a href="#m8">testGetPostsSchema</a></td><td rowspan="1">1656018580720</td><td rowspan="1">357</td></tr></tbody>
</table>
<h2>Default test</h2><h3 id="m0">com.qaprosoft.carina.demo.APIJsonPlaceHolderTest#testCheckJSONSchema</h3><table class="result"><tr><th>Messages</th></tr><tr><td><div class="messages">TEST [Default test - testCheckJSONSchema] FAILED at [14:09:29 2022-06-23] - Validation against Json schema failed: 
[]: instance type (object) does not match any allowed primitive type (allowed: ["array"])


com.qaprosoft.apitools.validation.JsonValidator.validateJsonAgainstSchemaV3V4(JsonValidator.java:123)
com.qaprosoft.apitools.validation.JsonValidator.validateJsonAgainstSchema(JsonValidator.java:67)
com.qaprosoft.carina.core.foundation.api.AbstractApiMethodV2.validateResponseAgainstSchema(AbstractApiMethodV2.java:340)
com.qaprosoft.carina.demo.APIJsonPlaceHolderTest.testCheckJSONSchema(APIJsonPlaceHolderTest.java:84)
java.base/jdk.internal.reflect.NativeMethodAccessorImpl.invoke0(Native Method)
java.base/jdk.internal.reflect.NativeMethodAccessorImpl.invoke(NativeMethodAccessorImpl.java:64)
java.base/jdk.internal.reflect.DelegatingMethodAccessorImpl.invoke(DelegatingMethodAccessorImpl.java:43)
java.base/java.lang.reflect.Method.invoke(Method.java:564)
org.testng.internal.MethodInvocationHelper.invokeMethod(MethodInvocationHelper.java:133)
org.testng.internal.TestInvoker.invokeMethod(TestInvoker.java:598)
org.testng.internal.TestInvoker.invokeTestMethod(TestInvoker.java:173)
org.testng.internal.MethodRunner.runInSequence(MethodRunner.java:46)
org.testng.internal.TestInvoker$MethodInvocationAgent.invoke(TestInvoker.java:824)
org.testng.internal.TestInvoker.invokeTestMethods(TestInvoker.java:146)
org.testng.internal.TestMethodWorker.invokeTestMethods(TestMethodWorker.java:146)
org.testng.internal.TestMethodWorker.run(TestMethodWorker.java:128)
java.base/java.util.ArrayList.forEach(ArrayList.java:1511)
org.testng.TestRunner.privateRun(TestRunner.java:794)
org.testng.TestRunner.run(TestRunner.java:596)
org.testng.SuiteRunner.runTest(SuiteRunner.java:377)
org.testng.SuiteRunner.runSequentially(SuiteRunner.java:371)
org.testng.SuiteRunner.privateRun(SuiteRunner.java:332)
org.testng.SuiteRunner.run(SuiteRunner.java:276)
org.testng.SuiteRunnerWorker.runSuite(SuiteRunnerWorker.java:53)
org.testng.SuiteRunnerWorker.run(SuiteRunnerWorker.java:96)
org.testng.TestNG.runSuitesSequentially(TestNG.java:1212)
org.testng.TestNG.runSuitesLocally(TestNG.java:1134)
org.testng.TestNG.runSuites(TestNG.java:1063)
org.testng.TestNG.run(TestNG.java:1031)
org.testng.remote.AbstractRemoteTestNG.run(AbstractRemoteTestNG.java:115)
org.testng.remote.RemoteTestNG.initAndRun(RemoteTestNG.java:251)
org.testng.remote.RemoteTestNG.main(RemoteTestNG.java:77)</div></td></tr><tr><th>Exception</th></tr><tr><td><div class="stacktrace">java.lang.AssertionError: Validation against Json schema failed: 
[]: instance type (object) does not match any allowed primitive type (allowed: [&quot;array&quot;])

	at com.qaprosoft.apitools.validation.JsonValidator.validateJsonAgainstSchemaV3V4(JsonValidator.java:123)
	at com.qaprosoft.apitools.validation.JsonValidator.validateJsonAgainstSchema(JsonValidator.java:67)
	at com.qaprosoft.carina.core.foundation.api.AbstractApiMethodV2.validateResponseAgainstSchema(AbstractApiMethodV2.java:340)
	at com.qaprosoft.carina.demo.APIJsonPlaceHolderTest.testCheckJSONSchema(APIJsonPlaceHolderTest.java:84)
	at java.base/jdk.internal.reflect.NativeMethodAccessorImpl.invoke0(Native Method)
	at java.base/jdk.internal.reflect.NativeMethodAccessorImpl.invoke(NativeMethodAccessorImpl.java:64)
	at java.base/jdk.internal.reflect.DelegatingMethodAccessorImpl.invoke(DelegatingMethodAccessorImpl.java:43)
	at java.base/java.lang.reflect.Method.invoke(Method.java:564)
	at org.testng.internal.MethodInvocationHelper.invokeMethod(MethodInvocationHelper.java:133)
	at org.testng.internal.TestInvoker.invokeMethod(TestInvoker.java:598)
	at org.testng.internal.TestInvoker.invokeTestMethod(TestInvoker.java:173)
	at org.testng.internal.MethodRunner.runInSequence(MethodRunner.java:46)
	at org.testng.internal.TestInvoker$MethodInvocationAgent.invoke(TestInvoker.java:824)
	at org.testng.internal.TestInvoker.invokeTestMethods(TestInvoker.java:146)
	at org.testng.internal.TestMethodWorker.invokeTestMethods(TestMethodWorker.java:146)
	at org.testng.internal.TestMethodWorker.run(TestMethodWorker.java:128)
	at java.base/java.util.ArrayList.forEach(ArrayList.java:1511)
	at org.testng.TestRunner.privateRun(TestRunner.java:794)
	at org.testng.TestRunner.run(TestRunner.java:596)
	at org.testng.SuiteRunner.runTest(SuiteRunner.java:377)
	at org.testng.SuiteRunner.runSequentially(SuiteRunner.java:371)
	at org.testng.SuiteRunner.privateRun(SuiteRunner.java:332)
	at org.testng.SuiteRunner.run(SuiteRunner.java:276)
	at org.testng.SuiteRunnerWorker.runSuite(SuiteRunnerWorker.java:53)
	at org.testng.SuiteRunnerWorker.run(SuiteRunnerWorker.java:96)
	at org.testng.TestNG.runSuitesSequentially(TestNG.java:1212)
	at org.testng.TestNG.runSuitesLocally(TestNG.java:1134)
	at org.testng.TestNG.runSuites(TestNG.java:1063)
	at org.testng.TestNG.run(TestNG.java:1031)
	at org.testng.remote.AbstractRemoteTestNG.run(AbstractRemoteTestNG.java:115)
	at org.testng.remote.RemoteTestNG.initAndRun(RemoteTestNG.java:251)
	at org.testng.remote.RemoteTestNG.main(RemoteTestNG.java:77)
</div></td></tr></table><p class="totop"><a href="#summary">back to summary</a></p>
<h3 id="m1">com.qaprosoft.carina.demo.APIJsonPlaceHolderTest#testCreateComment</h3><table class="result"><tr><th class="invisible"/></tr></table><p class="totop"><a href="#summary">back to summary</a></p>
<h3 id="m2">com.qaprosoft.carina.demo.APIJsonPlaceHolderTest#testCreateCommentWithMissingFields</h3><table class="result"><tr><th class="invisible"/></tr></table><p class="totop"><a href="#summary">back to summary</a></p>
<h3 id="m3">com.qaprosoft.carina.demo.APIJsonPlaceHolderTest#testCreateUser</h3><table class="result"><tr><th class="invisible"/></tr></table><p class="totop"><a href="#summary">back to summary</a></p>
<h3 id="m4">com.qaprosoft.carina.demo.APIJsonPlaceHolderTest#testCreateUserWithSomeFields</h3><table class="result"><tr><th class="invisible"/></tr></table><p class="totop"><a href="#summary">back to summary</a></p>
<h3 id="m5">com.qaprosoft.carina.demo.APIJsonPlaceHolderTest#testDeleteComment</h3><table class="result"><tr><th class="invisible"/></tr></table><p class="totop"><a href="#summary">back to summary</a></p>
<h3 id="m6">com.qaprosoft.carina.demo.APIJsonPlaceHolderTest#testDeletePosts</h3><table class="result"><tr><th class="invisible"/></tr></table><p class="totop"><a href="#summary">back to summary</a></p>
<h3 id="m7">com.qaprosoft.carina.demo.APIJsonPlaceHolderTest#testGetPosts</h3><table class="result"><tr><th class="invisible"/></tr></table><p class="totop"><a href="#summary">back to summary</a></p>
<h3 id="m8">com.qaprosoft.carina.demo.APIJsonPlaceHolderTest#testGetPostsSchema</h3><table class="result"><tr><th class="invisible"/></tr></table><p class="totop"><a href="#summary">back to summary</a></p>
</body>
</html>
