<?xml version="1.0" encoding="UTF-8"?>
<!-- Generated by org.testng.reporters.JUnitReportReporter -->
<testsuite hostname="apples-MacBook-Air.local" failures="1" tests="9" name="com.qaprosoft.carina.demo.APIJsonPlaceHolderTest" time="17.112" errors="0" timestamp="2022-06-23T14:09:41 PDT" skipped="0">
  <testcase classname="com.qaprosoft.carina.demo.APIJsonPlaceHolderTest" name="testDeleteComment" time="1.340"/>
  <system-out/>
  <testcase classname="com.qaprosoft.carina.demo.APIJsonPlaceHolderTest" name="testGetPosts" time="0.233"/>
  <system-out/>
  <testcase classname="com.qaprosoft.carina.demo.APIJsonPlaceHolderTest" name="testCheckJSONSchema" time="6.220">
    <failure message="Validation against Json schema failed: 
[]: instance type (object) does not match any allowed primitive type (allowed: [&quot;array&quot;])
" type="java.lang.AssertionError">
      <![CDATA[java.lang.AssertionError: Validation against Json schema failed: 
[]: instance type (object) does not match any allowed primitive type (allowed: ["array"])

at com.qaprosoft.apitools.validation.JsonValidator.validateJsonAgainstSchemaV3V4(JsonValidator.java:123)
at com.qaprosoft.apitools.validation.JsonValidator.validateJsonAgainstSchema(JsonValidator.java:67)
at com.qaprosoft.carina.core.foundation.api.AbstractApiMethodV2.validateResponseAgainstSchema(AbstractApiMethodV2.java:340)
at com.qaprosoft.carina.demo.APIJsonPlaceHolderTest.testCheckJSONSchema(APIJsonPlaceHolderTest.java:84)
at java.base/jdk.internal.reflect.NativeMethodAccessorImpl.invoke0(Native Method)
at java.base/jdk.internal.reflect.NativeMethodAccessorImpl.invoke(NativeMethodAccessorImpl.java:64)
at java.base/jdk.internal.reflect.DelegatingMethodAccessorImpl.invoke(DelegatingMethodAccessorImpl.java:43)
at java.base/java.lang.reflect.Method.invoke(Method.java:564)
at org.testng.internal.MethodInvocationHelper.invokeMethod(MethodInvocationHelper.java:133)
at org.testng.internal.TestInvoker.invokeMethod(TestInvoker.java:598)
at org.testng.internal.TestInvoker.invokeTestMethod(TestInvoker.java:173)
at org.testng.internal.MethodRunner.runInSequence(MethodRunner.java:46)
at org.testng.internal.TestInvoker$MethodInvocationAgent.invoke(TestInvoker.java:824)
at org.testng.internal.TestInvoker.invokeTestMethods(TestInvoker.java:146)
at org.testng.internal.TestMethodWorker.invokeTestMethods(TestMethodWorker.java:146)
at org.testng.internal.TestMethodWorker.run(TestMethodWorker.java:128)
at java.base/java.util.ArrayList.forEach(ArrayList.java:1511)
at org.testng.TestRunner.privateRun(TestRunner.java:794)
at org.testng.TestRunner.run(TestRunner.java:596)
at org.testng.SuiteRunner.runTest(SuiteRunner.java:377)
at org.testng.SuiteRunner.runSequentially(SuiteRunner.java:371)
at org.testng.SuiteRunner.privateRun(SuiteRunner.java:332)
at org.testng.SuiteRunner.run(SuiteRunner.java:276)
at org.testng.SuiteRunnerWorker.runSuite(SuiteRunnerWorker.java:53)
at org.testng.SuiteRunnerWorker.run(SuiteRunnerWorker.java:96)
at org.testng.TestNG.runSuitesSequentially(TestNG.java:1212)
at org.testng.TestNG.runSuitesLocally(TestNG.java:1134)
at org.testng.TestNG.runSuites(TestNG.java:1063)
at org.testng.TestNG.run(TestNG.java:1031)
at org.testng.remote.AbstractRemoteTestNG.run(AbstractRemoteTestNG.java:115)
at org.testng.remote.RemoteTestNG.initAndRun(RemoteTestNG.java:251)
at org.testng.remote.RemoteTestNG.main(RemoteTestNG.java:77)
]]>
    </failure>
  </testcase> <!-- testCheckJSONSchema -->
  <system-out>
    <![CDATA[TEST [Default test - testCheckJSONSchema] FAILED at [14:09:29 2022-06-23] - Validation against Json schema failed: 
[]: instance type (object) does not match any allowed primitive type (allowed: ["array"])


com.qaprosoft.apitools.validation.JsonValidator.validateJsonAgainstSchemaV3V4(JsonValidator.java:123)
com.qaprosoft.apitools.validation.JsonValidator.validateJsonAgainstSchema(JsonValidator.java:67)
com.qaprosoft.carina.core.foundation.api.AbstractApiMethodV2.validateResponseAgainstSchema(AbstractApiMethodV2.java:340)
com.qaprosoft.carina.demo.APIJsonPlaceHolderTest.testCheckJSONSchema(APIJsonPlaceHolderTest.java:84)
java.base/jdk.internal.reflect.NativeMethodAccessorImpl.invoke0(Native Method)
java.base/jdk.internal.reflect.NativeMethodAccessorImpl.invoke(NativeMethodAccessorImpl.java:64)
java.base/jdk.internal.reflect.DelegatingMethodAccessorImpl.invoke(DelegatingMethodAccessorImpl.java:43)
java.base/java.lang.reflect.Method.invoke(Method.java:564)
org.testng.internal.MethodInvocationHelper.invokeMethod(MethodInvocationHelper.java:133)
org.testng.internal.TestInvoker.invokeMethod(TestInvoker.java:598)
org.testng.internal.TestInvoker.invokeTestMethod(TestInvoker.java:173)
org.testng.internal.MethodRunner.runInSequence(MethodRunner.java:46)
org.testng.internal.TestInvoker$MethodInvocationAgent.invoke(TestInvoker.java:824)
org.testng.internal.TestInvoker.invokeTestMethods(TestInvoker.java:146)
org.testng.internal.TestMethodWorker.invokeTestMethods(TestMethodWorker.java:146)
org.testng.internal.TestMethodWorker.run(TestMethodWorker.java:128)
java.base/java.util.ArrayList.forEach(ArrayList.java:1511)
org.testng.TestRunner.privateRun(TestRunner.java:794)
org.testng.TestRunner.run(TestRunner.java:596)
org.testng.SuiteRunner.runTest(SuiteRunner.java:377)
org.testng.SuiteRunner.runSequentially(SuiteRunner.java:371)
org.testng.SuiteRunner.privateRun(SuiteRunner.java:332)
org.testng.SuiteRunner.run(SuiteRunner.java:276)
org.testng.SuiteRunnerWorker.runSuite(SuiteRunnerWorker.java:53)
org.testng.SuiteRunnerWorker.run(SuiteRunnerWorker.java:96)
org.testng.TestNG.runSuitesSequentially(TestNG.java:1212)
org.testng.TestNG.runSuitesLocally(TestNG.java:1134)
org.testng.TestNG.runSuites(TestNG.java:1063)
org.testng.TestNG.run(TestNG.java:1031)
org.testng.remote.AbstractRemoteTestNG.run(AbstractRemoteTestNG.java:115)
org.testng.remote.RemoteTestNG.initAndRun(RemoteTestNG.java:251)
org.testng.remote.RemoteTestNG.main(RemoteTestNG.java:77)]]>
  </system-out>
  <testcase classname="com.qaprosoft.carina.demo.APIJsonPlaceHolderTest" name="testCreateUser" time="6.570"/>
  <system-out/>
  <testcase classname="com.qaprosoft.carina.demo.APIJsonPlaceHolderTest" name="testGetPostsSchema" time="0.357"/>
  <system-out/>
  <testcase classname="com.qaprosoft.carina.demo.APIJsonPlaceHolderTest" name="testCreateUserWithSomeFields" time="1.039"/>
  <system-out/>
  <testcase classname="com.qaprosoft.carina.demo.APIJsonPlaceHolderTest" name="testDeletePosts" time="0.381"/>
  <system-out/>
  <testcase classname="com.qaprosoft.carina.demo.APIJsonPlaceHolderTest" name="testCreateComment" time="0.486"/>
  <system-out/>
  <testcase classname="com.qaprosoft.carina.demo.APIJsonPlaceHolderTest" name="testCreateCommentWithMissingFields" time="0.486"/>
  <system-out/>
</testsuite> <!-- com.qaprosoft.carina.demo.APIJsonPlaceHolderTest -->
